[2026-07-19 21:09:39] Hello
[2026-07-19 21:13:46] Сервер запущен
[2026-07-19 21:14:27] Андрей подключился
[2026-07-19 21:14:27] *** Андрей вошел в чат ***
[2026-07-19 21:14:27] Подключился как Андрей
[2026-07-19 21:14:27] Получено: *** Андрей вошел в чат ***
[2026-07-19 21:15:01] *** Андрей покинул чат ***
[2026-07-19 21:15:01] Андрей отключился
[2026-07-19 21:15:05] Андрей подключился
[2026-07-19 21:15:05] *** Андрей вошел в чат ***
[2026-07-19 21:15:05] Подключился как Андрей
[2026-07-19 21:15:05] Получено: *** Андрей вошел в чат ***
[2026-07-19 21:15:08] Отправлено: Привет
[2026-07-19 21:15:08] Получено: Андрей: Привет
[2026-07-19 21:15:08] Андрей: Привет
[2026-07-19 21:15:58] *** Андрей покинул чат ***
[2026-07-19 21:15:58] Андрей отключился
[2026-07-19 21:16:01] Иван подключился
[2026-07-19 21:16:01] *** Иван вошел в чат ***
[2026-07-19 21:16:01] Подключился как Иван
[2026-07-19 21:16:01] Получено: *** Иван вошел в чат ***
[2026-07-19 21:16:04] Отправлено: Привет
[2026-07-19 21:16:04] Получено: Иван: Привет
[2026-07-19 21:16:04] Иван: Привет
[2026-07-19 21:17:09] *** Иван покинул чат ***
[2026-07-19 21:17:09] Иван отключился
[2026-07-19 21:17:15] Андрей подключился
[2026-07-19 21:17:15] *** Андрей вошел в чат ***
[2026-07-19 21:17:15] Подключился как Андрей
[2026-07-19 21:17:15] Получено: *** Андрей вошел в чат ***
[2026-07-19 21:17:44] Сервер запущен
[2026-07-19 21:17:54] Андрей подключился
[2026-07-19 21:17:54] *** Андрей вошел в чат ***
[2026-07-19 21:17:54] Подключился как Андрей
[2026-07-19 21:17:54] Получено: *** Андрей вошел в чат ***
[2026-07-19 21:17:59] Отправлено: Привет
[2026-07-19 21:17:59] Получено: Андрей: Привет
[2026-07-19 21:17:59] Андрей: Привет
[2026-07-19 21:18:30] Иван подключился
[2026-07-19 21:18:30] *** Иван вошел в чат ***
[2026-07-19 21:18:30] Получено: *** Иван вошел в чат ***
[2026-07-19 21:18:30] Подключился как Иван
[2026-07-19 21:18:30] Получено: *** Иван вошел в чат ***
[2026-07-19 21:18:33] Отправлено: Привет
[2026-07-19 21:18:33] Получено: Иван: Привет
[2026-07-19 21:18:33] Получено: Иван: Привет
[2026-07-19 21:18:33] Иван: Привет
